<?xml version="1.0" encoding="utf-8"?><testsuites name="pytest tests"><testsuite name="pytest" errors="0" failures="0" skipped="0" tests="8" time="0.506" timestamp="2026-09-06T14:42:54.172551+00:00" hostname="agent-env-40e0e197-4560-4f2b-9751-48823c133284"><testcase classname="tests.test_balance_math.TestBalanceMath" name="test_add_expense_decreases_balance" time="0.012" /><testcase classname="tests.test_balance_math.TestBalanceMath" name="test_add_balance_increases" time="0.006" /><testcase classname="tests.test_balance_math.TestBalanceMath" name="test_borrow_flow_increases_then_repay_decreases" time="0.010" /><testcase classname="tests.test_balance_math.TestBalanceMath" name="test_friend_owes_no_effect_until_received" time="0.009" /><testcase classname="tests.test_balance_math.TestBalanceMath" name="test_negative_balance_allowed" time="0.012" /><testcase classname="tests.test_balance_math.TestBalanceMath" name="test_edit_expense_updates_balance" time="0.012" /><testcase classname="tests.test_balance_math.TestBalanceMath" name="test_delete_expense_restores_balance" time="0.008" /><testcase classname="tests.test_balance_math.TestBalanceMath" name="test_delete_debt_removes_related_tx" time="0.009" /></testsuite></testsuites>